<?xml version="1.0" encoding="UTF-8"?>
<!-- Generated by org.testng.reporters.JUnitXMLReporter -->
<testsuite hostname="DESKTOP-5SL4C2D" ignored="0" name="Default test" tests="2" failures="0" timestamp="2020-06-20T00:52:31 IST" time="28.507" errors="0">
  <testcase name="adminLogin" time="8.953" classname="com.clearcode.testsuite.TestSuite1"/>
  <testcase name="addNewUser" time="0.0" classname="com.clearcode.testsuite.TestSuite1">
    <skipped/>
  </testcase> <!-- addNewUser -->
</testsuite> <!-- Default test -->
