<?xml version="1.0" encoding="UTF-8"?>
<!-- Generated by org.testng.reporters.JUnitXMLReporter -->
<testsuite hostname="DESKTOP-5SL4C2D" ignored="0" name="Test" tests="7" failures="0" timestamp="2020-06-23T12:04:01 IST" time="105.219" errors="0">
  <testcase name="adminLogin" time="9.364" classname="com.clearcode.testsuite.TestSuite1"/>
  <testcase name="addNewUser" time="14.885" classname="com.clearcode.testsuite.TestSuite1"/>
  <testcase name="addNewUser" time="12.035" classname="com.clearcode.testsuite.TestSuite1"/>
  <testcase name="addNewUser" time="12.488" classname="com.clearcode.testsuite.TestSuite1"/>
  <testcase name="userChangeRole" time="5.89" classname="com.clearcode.testsuite.TestSuite1"/>
  <testcase name="userChangeRole" time="5.918" classname="com.clearcode.testsuite.TestSuite1"/>
  <testcase name="userChangeRole" time="5.829" classname="com.clearcode.testsuite.TestSuite1"/>
</testsuite> <!-- Test -->
