<?xml version="1.0" encoding="UTF-8"?>
<testng-results skipped="0" failed="0" ignored="0" total="7" passed="7">
  <reporter-output>
    <line>
      <![CDATA[STEP1]]>
    </line>
    <line>
      <![CDATA[STEP2]]>
    </line>
    <line>
      <![CDATA[STEP3]]>
    </line>
    <line>
      <![CDATA[STEP4]]>
    </line>
    <line>
      <![CDATA[STEP5]]>
    </line>
    <line>
      <![CDATA[STEP6]]>
    </line>
    <line>
      <![CDATA[STEP7]]>
    </line>
    <line>
      <![CDATA[STEP8]]>
    </line>
    <line>
      <![CDATA[STEP9]]>
    </line>
    <line>
      <![CDATA[STEP10]]>
    </line>
    <line>
      <![CDATA[STEP11]]>
    </line>
    <line>
      <![CDATA[STEP12]]>
    </line>
    <line>
      <![CDATA[STEP13]]>
    </line>
    <line>
      <![CDATA[STEP14]]>
    </line>
    <line>
      <![CDATA[STEP15]]>
    </line>
    <line>
      <![CDATA[STEP16]]>
    </line>
    <line>
      <![CDATA[STEP17]]>
    </line>
    <line>
      <![CDATA[STEP18]]>
    </line>
    <line>
      <![CDATA[STEP19]]>
    </line>
    <line>
      <![CDATA[STEP20]]>
    </line>
    <line>
      <![CDATA[STEP21]]>
    </line>
    <line>
      <![CDATA[STEP22]]>
    </line>
    <line>
      <![CDATA[STEP23]]>
    </line>
    <line>
      <![CDATA[STEP24]]>
    </line>
    <line>
      <![CDATA[STEP25]]>
    </line>
    <line>
      <![CDATA[STEP26]]>
    </line>
    <line>
      <![CDATA[STEP27]]>
    </line>
    <line>
      <![CDATA[STEP28]]>
    </line>
    <line>
      <![CDATA[STEP29]]>
    </line>
    <line>
      <![CDATA[STEP30]]>
    </line>
    <line>
      <![CDATA[STEP31]]>
    </line>
    <line>
      <![CDATA[STEP32]]>
    </line>
    <line>
      <![CDATA[STEP33]]>
    </line>
    <line>
      <![CDATA[STEP34]]>
    </line>
    <line>
      <![CDATA[STEP35]]>
    </line>
    <line>
      <![CDATA[STEP36]]>
    </line>
    <line>
      <![CDATA[STEP37]]>
    </line>
    <line>
      <![CDATA[STEP38]]>
    </line>
    <line>
      <![CDATA[STEP39]]>
    </line>
    <line>
      <![CDATA[STEP40]]>
    </line>
    <line>
      <![CDATA[STEP41]]>
    </line>
    <line>
      <![CDATA[STEP42]]>
    </line>
    <line>
      <![CDATA[STEP43]]>
    </line>
    <line>
      <![CDATA[STEP44]]>
    </line>
    <line>
      <![CDATA[STEP45]]>
    </line>
    <line>
      <![CDATA[STEP46]]>
    </line>
    <line>
      <![CDATA[STEP47]]>
    </line>
    <line>
      <![CDATA[STEP48]]>
    </line>
    <line>
      <![CDATA[STEP49]]>
    </line>
    <line>
      <![CDATA[STEP50]]>
    </line>
    <line>
      <![CDATA[STEP51]]>
    </line>
    <line>
      <![CDATA[STEP52]]>
    </line>
    <line>
      <![CDATA[STEP53]]>
    </line>
    <line>
      <![CDATA[STEP54]]>
    </line>
    <line>
      <![CDATA[STEP55]]>
    </line>
    <line>
      <![CDATA[STEP56]]>
    </line>
    <line>
      <![CDATA[STEP57]]>
    </line>
    <line>
      <![CDATA[STEP58]]>
    </line>
    <line>
      <![CDATA[STEP59]]>
    </line>
    <line>
      <![CDATA[STEP60]]>
    </line>
    <line>
      <![CDATA[STEP61]]>
    </line>
    <line>
      <![CDATA[STEP62]]>
    </line>
    <line>
      <![CDATA[STEP63]]>
    </line>
    <line>
      <![CDATA[STEP64]]>
    </line>
    <line>
      <![CDATA[STEP65]]>
    </line>
    <line>
      <![CDATA[STEP66]]>
    </line>
    <line>
      <![CDATA[STEP67]]>
    </line>
    <line>
      <![CDATA[STEP68]]>
    </line>
    <line>
      <![CDATA[STEP69]]>
    </line>
    <line>
      <![CDATA[STEP70]]>
    </line>
    <line>
      <![CDATA[STEP71]]>
    </line>
    <line>
      <![CDATA[STEP72]]>
    </line>
    <line>
      <![CDATA[STEP73]]>
    </line>
  </reporter-output>
  <suite name="Suite" duration-ms="105219" started-at="2020-06-23T12:02:15 IST" finished-at="2020-06-23T12:04:01 IST">
    <groups>
    </groups>
    <test name="Test" duration-ms="105219" started-at="2020-06-23T12:02:15 IST" finished-at="2020-06-23T12:04:01 IST">
      <class name="com.clearcode.testsuite.TestSuite1">
        <test-method status="PASS" signature="launch()[pri:0, instance:com.clearcode.testsuite.TestSuite1@2d6eabae]" name="launch" is-config="true" duration-ms="7824" started-at="2020-06-23T12:02:15 IST" finished-at="2020-06-23T12:02:23 IST">
          <reporter-output>
            <line>
              <![CDATA[STEP1]]>
            </line>
          </reporter-output>
        </test-method> <!-- launch -->
        <test-method status="PASS" signature="loadUrl()[pri:0, instance:com.clearcode.testsuite.TestSuite1@2d6eabae]" name="loadUrl" is-config="true" duration-ms="9970" started-at="2020-06-23T12:02:24 IST" finished-at="2020-06-23T12:02:33 IST">
          <reporter-output>
            <line>
              <![CDATA[STEP2]]>
            </line>
            <line>
              <![CDATA[STEP3]]>
            </line>
          </reporter-output>
        </test-method> <!-- loadUrl -->
        <test-method status="PASS" signature="adminLogin(java.lang.String, java.lang.String)[pri:1, instance:com.clearcode.testsuite.TestSuite1@2d6eabae]" name="adminLogin" duration-ms="9364" started-at="2020-06-23T12:02:33 IST" data-provider="AdminLogin" finished-at="2020-06-23T12:02:43 IST">
          <params>
            <param index="0">
              <value>
                <![CDATA[admin]]>
              </value>
            </param>
            <param index="1">
              <value>
                <![CDATA[admin@123]]>
              </value>
            </param>
          </params>
          <reporter-output>
            <line>
              <![CDATA[STEP4]]>
            </line>
            <line>
              <![CDATA[STEP5]]>
            </line>
            <line>
              <![CDATA[STEP6]]>
            </line>
          </reporter-output>
        </test-method> <!-- adminLogin -->
        <test-method status="PASS" signature="loadUrl()[pri:0, instance:com.clearcode.testsuite.TestSuite1@2d6eabae]" name="loadUrl" is-config="true" duration-ms="2283" started-at="2020-06-23T12:02:43 IST" finished-at="2020-06-23T12:02:45 IST">
          <reporter-output>
            <line>
              <![CDATA[STEP7]]>
            </line>
            <line>
              <![CDATA[STEP8]]>
            </line>
          </reporter-output>
        </test-method> <!-- loadUrl -->
        <test-method status="PASS" signature="addNewUser(java.lang.String, java.lang.String, java.lang.String, java.lang.String, java.lang.String, java.lang.String, java.lang.String)[pri:10, instance:com.clearcode.testsuite.TestSuite1@2d6eabae]" name="addNewUser" duration-ms="14885" started-at="2020-06-23T12:02:45 IST" data-provider="AddNewUser" finished-at="2020-06-23T12:03:00 IST">
          <params>
            <param index="0">
              <value>
                <![CDATA[manzoor mehadi]]>
              </value>
            </param>
            <param index="1">
              <value>
                <![CDATA[Manzoor@gmail.com]]>
              </value>
            </param>
            <param index="2">
              <value>
                <![CDATA[Manzoor]]>
              </value>
            </param>
            <param index="3">
              <value>
                <![CDATA[Mehadi]]>
              </value>
            </param>
            <param index="4">
              <value>
                <![CDATA[www.google.com]]>
              </value>
            </param>
            <param index="5">
              <value>
                <![CDATA[Mehadi@123]]>
              </value>
            </param>
            <param index="6">
              <value>
                <![CDATA[Customer]]>
              </value>
            </param>
          </params>
          <reporter-output>
            <line>
              <![CDATA[STEP9]]>
            </line>
            <line>
              <![CDATA[STEP10]]>
            </line>
            <line>
              <![CDATA[STEP11]]>
            </line>
            <line>
              <![CDATA[STEP12]]>
            </line>
            <line>
              <![CDATA[STEP13]]>
            </line>
            <line>
              <![CDATA[STEP14]]>
            </line>
            <line>
              <![CDATA[STEP15]]>
            </line>
            <line>
              <![CDATA[STEP16]]>
            </line>
            <line>
              <![CDATA[STEP17]]>
            </line>
            <line>
              <![CDATA[STEP18]]>
            </line>
            <line>
              <![CDATA[STEP19]]>
            </line>
            <line>
              <![CDATA[STEP20]]>
            </line>
            <line>
              <![CDATA[STEP21]]>
            </line>
          </reporter-output>
        </test-method> <!-- addNewUser -->
        <test-method status="PASS" signature="loadUrl()[pri:0, instance:com.clearcode.testsuite.TestSuite1@2d6eabae]" name="loadUrl" is-config="true" duration-ms="2862" started-at="2020-06-23T12:03:00 IST" finished-at="2020-06-23T12:03:03 IST">
          <reporter-output>
            <line>
              <![CDATA[STEP22]]>
            </line>
            <line>
              <![CDATA[STEP23]]>
            </line>
          </reporter-output>
        </test-method> <!-- loadUrl -->
        <test-method status="PASS" signature="addNewUser(java.lang.String, java.lang.String, java.lang.String, java.lang.String, java.lang.String, java.lang.String, java.lang.String)[pri:10, instance:com.clearcode.testsuite.TestSuite1@2d6eabae]" name="addNewUser" duration-ms="12035" started-at="2020-06-23T12:03:03 IST" data-provider="AddNewUser" finished-at="2020-06-23T12:03:15 IST">
          <params>
            <param index="0">
              <value>
                <![CDATA[alex hales]]>
              </value>
            </param>
            <param index="1">
              <value>
                <![CDATA[alex@gmail.com]]>
              </value>
            </param>
            <param index="2">
              <value>
                <![CDATA[Alex]]>
              </value>
            </param>
            <param index="3">
              <value>
                <![CDATA[Hales]]>
              </value>
            </param>
            <param index="4">
              <value>
                <![CDATA[www.google.com]]>
              </value>
            </param>
            <param index="5">
              <value>
                <![CDATA[alex@123]]>
              </value>
            </param>
            <param index="6">
              <value>
                <![CDATA[Agent]]>
              </value>
            </param>
          </params>
          <reporter-output>
            <line>
              <![CDATA[STEP24]]>
            </line>
            <line>
              <![CDATA[STEP25]]>
            </line>
            <line>
              <![CDATA[STEP26]]>
            </line>
            <line>
              <![CDATA[STEP27]]>
            </line>
            <line>
              <![CDATA[STEP28]]>
            </line>
            <line>
              <![CDATA[STEP29]]>
            </line>
            <line>
              <![CDATA[STEP30]]>
            </line>
            <line>
              <![CDATA[STEP31]]>
            </line>
            <line>
              <![CDATA[STEP32]]>
            </line>
            <line>
              <![CDATA[STEP33]]>
            </line>
            <line>
              <![CDATA[STEP34]]>
            </line>
            <line>
              <![CDATA[STEP35]]>
            </line>
            <line>
              <![CDATA[STEP36]]>
            </line>
          </reporter-output>
        </test-method> <!-- addNewUser -->
        <test-method status="PASS" signature="loadUrl()[pri:0, instance:com.clearcode.testsuite.TestSuite1@2d6eabae]" name="loadUrl" is-config="true" duration-ms="4267" started-at="2020-06-23T12:03:15 IST" finished-at="2020-06-23T12:03:19 IST">
          <reporter-output>
            <line>
              <![CDATA[STEP37]]>
            </line>
            <line>
              <![CDATA[STEP38]]>
            </line>
          </reporter-output>
        </test-method> <!-- loadUrl -->
        <test-method status="PASS" signature="addNewUser(java.lang.String, java.lang.String, java.lang.String, java.lang.String, java.lang.String, java.lang.String, java.lang.String)[pri:10, instance:com.clearcode.testsuite.TestSuite1@2d6eabae]" name="addNewUser" duration-ms="12488" started-at="2020-06-23T12:03:19 IST" data-provider="AddNewUser" finished-at="2020-06-23T12:03:32 IST">
          <params>
            <param index="0">
              <value>
                <![CDATA[mariya]]>
              </value>
            </param>
            <param index="1">
              <value>
                <![CDATA[mariya@gmail.com]]>
              </value>
            </param>
            <param index="2">
              <value>
                <![CDATA[Mariya]]>
              </value>
            </param>
            <param index="3">
              <value>
                <![CDATA[Jones]]>
              </value>
            </param>
            <param index="4">
              <value>
                <![CDATA[www.google.com]]>
              </value>
            </param>
            <param index="5">
              <value>
                <![CDATA[mariya@123]]>
              </value>
            </param>
            <param index="6">
              <value>
                <![CDATA[Administrator]]>
              </value>
            </param>
          </params>
          <reporter-output>
            <line>
              <![CDATA[STEP39]]>
            </line>
            <line>
              <![CDATA[STEP40]]>
            </line>
            <line>
              <![CDATA[STEP41]]>
            </line>
            <line>
              <![CDATA[STEP42]]>
            </line>
            <line>
              <![CDATA[STEP43]]>
            </line>
            <line>
              <![CDATA[STEP44]]>
            </line>
            <line>
              <![CDATA[STEP45]]>
            </line>
            <line>
              <![CDATA[STEP46]]>
            </line>
            <line>
              <![CDATA[STEP47]]>
            </line>
            <line>
              <![CDATA[STEP48]]>
            </line>
            <line>
              <![CDATA[STEP49]]>
            </line>
            <line>
              <![CDATA[STEP50]]>
            </line>
            <line>
              <![CDATA[STEP51]]>
            </line>
          </reporter-output>
        </test-method> <!-- addNewUser -->
        <test-method status="PASS" signature="loadUrl()[pri:0, instance:com.clearcode.testsuite.TestSuite1@2d6eabae]" name="loadUrl" is-config="true" duration-ms="3321" started-at="2020-06-23T12:03:32 IST" finished-at="2020-06-23T12:03:35 IST">
          <reporter-output>
            <line>
              <![CDATA[STEP52]]>
            </line>
            <line>
              <![CDATA[STEP53]]>
            </line>
          </reporter-output>
        </test-method> <!-- loadUrl -->
        <test-method status="PASS" signature="userChangeRole(java.lang.String, java.lang.String)[pri:20, instance:com.clearcode.testsuite.TestSuite1@2d6eabae]" name="userChangeRole" duration-ms="5890" started-at="2020-06-23T12:03:35 IST" data-provider="UserChangeRole" finished-at="2020-06-23T12:03:41 IST">
          <params>
            <param index="0">
              <value>
                <![CDATA[manzoor mehadi]]>
              </value>
            </param>
            <param index="1">
              <value>
                <![CDATA[Agent]]>
              </value>
            </param>
          </params>
          <reporter-output>
            <line>
              <![CDATA[STEP54]]>
            </line>
            <line>
              <![CDATA[STEP55]]>
            </line>
            <line>
              <![CDATA[STEP56]]>
            </line>
            <line>
              <![CDATA[STEP57]]>
            </line>
            <line>
              <![CDATA[STEP58]]>
            </line>
          </reporter-output>
        </test-method> <!-- userChangeRole -->
        <test-method status="PASS" signature="loadUrl()[pri:0, instance:com.clearcode.testsuite.TestSuite1@2d6eabae]" name="loadUrl" is-config="true" duration-ms="3294" started-at="2020-06-23T12:03:41 IST" finished-at="2020-06-23T12:03:44 IST">
          <reporter-output>
            <line>
              <![CDATA[STEP59]]>
            </line>
            <line>
              <![CDATA[STEP60]]>
            </line>
          </reporter-output>
        </test-method> <!-- loadUrl -->
        <test-method status="PASS" signature="userChangeRole(java.lang.String, java.lang.String)[pri:20, instance:com.clearcode.testsuite.TestSuite1@2d6eabae]" name="userChangeRole" duration-ms="5918" started-at="2020-06-23T12:03:44 IST" data-provider="UserChangeRole" finished-at="2020-06-23T12:03:50 IST">
          <params>
            <param index="0">
              <value>
                <![CDATA[alex hales]]>
              </value>
            </param>
            <param index="1">
              <value>
                <![CDATA[Customer]]>
              </value>
            </param>
          </params>
          <reporter-output>
            <line>
              <![CDATA[STEP61]]>
            </line>
            <line>
              <![CDATA[STEP62]]>
            </line>
            <line>
              <![CDATA[STEP63]]>
            </line>
            <line>
              <![CDATA[STEP64]]>
            </line>
            <line>
              <![CDATA[STEP65]]>
            </line>
          </reporter-output>
        </test-method> <!-- userChangeRole -->
        <test-method status="PASS" signature="loadUrl()[pri:0, instance:com.clearcode.testsuite.TestSuite1@2d6eabae]" name="loadUrl" is-config="true" duration-ms="3291" started-at="2020-06-23T12:03:50 IST" finished-at="2020-06-23T12:03:53 IST">
          <reporter-output>
            <line>
              <![CDATA[STEP66]]>
            </line>
            <line>
              <![CDATA[STEP67]]>
            </line>
          </reporter-output>
        </test-method> <!-- loadUrl -->
        <test-method status="PASS" signature="userChangeRole(java.lang.String, java.lang.String)[pri:20, instance:com.clearcode.testsuite.TestSuite1@2d6eabae]" name="userChangeRole" duration-ms="5829" started-at="2020-06-23T12:03:53 IST" data-provider="UserChangeRole" finished-at="2020-06-23T12:03:59 IST">
          <params>
            <param index="0">
              <value>
                <![CDATA[mariya jones]]>
              </value>
            </param>
            <param index="1">
              <value>
                <![CDATA[Shop manager]]>
              </value>
            </param>
          </params>
          <reporter-output>
            <line>
              <![CDATA[STEP68]]>
            </line>
            <line>
              <![CDATA[STEP69]]>
            </line>
            <line>
              <![CDATA[STEP70]]>
            </line>
            <line>
              <![CDATA[STEP71]]>
            </line>
            <line>
              <![CDATA[STEP72]]>
            </line>
          </reporter-output>
        </test-method> <!-- userChangeRole -->
        <test-method status="PASS" signature="close()[pri:0, instance:com.clearcode.testsuite.TestSuite1@2d6eabae]" name="close" is-config="true" duration-ms="1286" started-at="2020-06-23T12:03:59 IST" finished-at="2020-06-23T12:04:01 IST">
          <reporter-output>
            <line>
              <![CDATA[STEP73]]>
            </line>
          </reporter-output>
        </test-method> <!-- close -->
      </class> <!-- com.clearcode.testsuite.TestSuite1 -->
    </test> <!-- Test -->
  </suite> <!-- Suite -->
</testng-results>
